2026-05-07 07:55:39,176 - INFO - Old log file ./Taxes/Reports/MarketQuotes.log removed successfully.
2026-05-07 07:55:39,176 - INFO - --- Crypto quote downloader script started at 2026-05-07 07:55:39 ---
2026-05-07 07:55:39,177 - INFO - Found 15 crypto ticker(s): RLC, ETH, SOL, SNX, STORJ, DOGE, BTC, NMR, AAVE, SKL, NU, PERP, ADA, ZRX, BNT
2026-05-07 07:55:40,831 - INFO - Replacing existing file: ./Taxes/Reports/MarketQuotes_RLCBTC.csv
2026-05-07 07:55:40,832 - INFO - SUCCESS: Downloaded daily data for RLCBTC from Binance. URL: https://www.cryptodatadownload.com/cdd/Binance_RLCBTC_d.csv. Saved to: MarketQuotes_RLCBTC.csv
2026-05-07 07:55:41,722 - INFO - Replacing existing file: ./Taxes/Reports/MarketQuotes_ETHEUR.csv
2026-05-07 07:55:41,723 - INFO - SUCCESS: Downloaded daily data for ETHEUR from Binance. URL: https://www.cryptodatadownload.com/cdd/Binance_ETHEUR_d.csv. Saved to: MarketQuotes_ETHEUR.csv
2026-05-07 07:55:42,554 - INFO - Replacing existing file: ./Taxes/Reports/MarketQuotes_SOLEUR.csv
2026-05-07 07:55:42,555 - INFO - SUCCESS: Downloaded daily data for SOLEUR from Binance. URL: https://www.cryptodatadownload.com/cdd/Binance_SOLEUR_d.csv. Saved to: MarketQuotes_SOLEUR.csv
2026-05-07 07:55:43,885 - INFO - Replacing existing file: ./Taxes/Reports/MarketQuotes_SNXBTC.csv
2026-05-07 07:55:43,886 - INFO - SUCCESS: Downloaded daily data for SNXBTC from Binance. URL: https://www.cryptodatadownload.com/cdd/Binance_SNXBTC_d.csv. Saved to: MarketQuotes_SNXBTC.csv
2026-05-07 07:55:45,340 - INFO - Replacing existing file: ./Taxes/Reports/MarketQuotes_STORJBTC.csv
2026-05-07 07:55:45,342 - INFO - SUCCESS: Downloaded daily data for STORJBTC from Binance. URL: https://www.cryptodatadownload.com/cdd/Binance_STORJBTC_d.csv. Saved to: MarketQuotes_STORJBTC.csv
2026-05-07 07:55:46,125 - INFO - Replacing existing file: ./Taxes/Reports/MarketQuotes_DOGEEUR.csv
2026-05-07 07:55:46,126 - INFO - SUCCESS: Downloaded daily data for DOGEEUR from Binance. URL: https://www.cryptodatadownload.com/cdd/Binance_DOGEEUR_d.csv. Saved to: MarketQuotes_DOGEEUR.csv
2026-05-07 07:55:47,022 - INFO - Replacing existing file: ./Taxes/Reports/MarketQuotes_BTCEUR.csv
2026-05-07 07:55:47,022 - INFO - SUCCESS: Downloaded daily data for BTCEUR from Binance. URL: https://www.cryptodatadownload.com/cdd/Binance_BTCEUR_d.csv. Saved to: MarketQuotes_BTCEUR.csv
2026-05-07 07:55:48,299 - INFO - Replacing existing file: ./Taxes/Reports/MarketQuotes_NMRBTC.csv
2026-05-07 07:55:48,300 - INFO - SUCCESS: Downloaded daily data for NMRBTC from Binance. URL: https://www.cryptodatadownload.com/cdd/Binance_NMRBTC_d.csv. Saved to: MarketQuotes_NMRBTC.csv
2026-05-07 07:55:49,540 - INFO - Replacing existing file: ./Taxes/Reports/MarketQuotes_AAVEBTC.csv
2026-05-07 07:55:49,541 - INFO - SUCCESS: Downloaded daily data for AAVEBTC from Binance. URL: https://www.cryptodatadownload.com/cdd/Binance_AAVEBTC_d.csv. Saved to: MarketQuotes_AAVEBTC.csv
2026-05-07 07:55:50,961 - INFO - Replacing existing file: ./Taxes/Reports/MarketQuotes_SKLBTC.csv
2026-05-07 07:55:50,962 - INFO - SUCCESS: Downloaded daily data for SKLBTC from Binance. URL: https://www.cryptodatadownload.com/cdd/Binance_SKLBTC_d.csv. Saved to: MarketQuotes_SKLBTC.csv
2026-05-07 07:55:56,587 - INFO - Replacing existing file: ./Taxes/Reports/MarketQuotes_PERPBTC.csv
2026-05-07 07:55:56,588 - INFO - SUCCESS: Downloaded daily data for PERPBTC from Binance. URL: https://www.cryptodatadownload.com/cdd/Binance_PERPBTC_d.csv. Saved to: MarketQuotes_PERPBTC.csv
2026-05-07 07:55:57,414 - INFO - Replacing existing file: ./Taxes/Reports/MarketQuotes_ADAEUR.csv
2026-05-07 07:55:57,414 - INFO - SUCCESS: Downloaded daily data for ADAEUR from Binance. URL: https://www.cryptodatadownload.com/cdd/Binance_ADAEUR_d.csv. Saved to: MarketQuotes_ADAEUR.csv
2026-05-07 07:55:58,852 - INFO - Replacing existing file: ./Taxes/Reports/MarketQuotes_ZRXBTC.csv
2026-05-07 07:55:58,853 - INFO - SUCCESS: Downloaded daily data for ZRXBTC from Binance. URL: https://www.cryptodatadownload.com/cdd/Binance_ZRXBTC_d.csv. Saved to: MarketQuotes_ZRXBTC.csv
2026-05-07 07:56:00,270 - INFO - Replacing existing file: ./Taxes/Reports/MarketQuotes_BNTBTC.csv
2026-05-07 07:56:00,271 - INFO - SUCCESS: Downloaded daily data for BNTBTC from Binance. URL: https://www.cryptodatadownload.com/cdd/Binance_BNTBTC_d.csv. Saved to: MarketQuotes_BNTBTC.csv
2026-05-07 07:56:00,271 - INFO - Download Summary:
2026-05-07 07:56:00,271 - WARNING - Could not find/download data for the following 1 ticker(s) after trying all exchanges/pairs:
2026-05-07 07:56:00,271 - WARNING -   - NU
2026-05-07 07:56:00,271 - INFO - --- Crypto quote downloader script finished at 2026-05-07 07:56:00 ---
